<?xml version="1.0" encoding="UTF-8"?>
<!-- Generated by org.testng.reporters.JUnitReportReporter -->
<testsuite skipped="0" hostname="DESKTOP-CBG2OK5" name="mycompany.Test_DragDrop3" tests="1" failures="0" timestamp="13 fÃ©vr. 2020 09:02:56 GMT" time="17.603" errors="0">
  <testcase name="ddd" time="17.603" classname="mycompany.Test_DragDrop3"/>
</testsuite> <!-- mycompany.Test_DragDrop3 -->
