<?xml version="1.0" encoding="UTF-8"?>
<!-- Generated by org.testng.reporters.JUnitReportReporter -->
<testsuite skipped="0" hostname="DESKTOP-CBG2OK5" name="mycompany.Test_DragDrop2" tests="1" failures="0" timestamp="2020-02-13T09:45:03 CET" time="10.180" errors="0">
  <testcase name="ddd" time="10.180" classname="mycompany.Test_DragDrop2"/>
  <system-out/>
</testsuite> <!-- mycompany.Test_DragDrop2 -->
